#-----------------------------------------------------------
# Vivado v2018.3 (64-bit)
# SW Build 2405991 on Thu Dec  6 23:38:27 MST 2018
# IP Build 2404404 on Fri Dec  7 01:43:56 MST 2018
# Start of session at: Tue Jan 15 13:35:05 2019
# Process ID: 17320
# Current directory: C:/Users/logos/project_1
# Command line: vivado.exe -gui_launcher_event rodinguilauncherevent13668 C:\Users\logos\project_1\project_1.xpr
# Log file: C:/Users/logos/project_1/vivado.log
# Journal file: C:/Users/logos/project_1\vivado.jou
#-----------------------------------------------------------
start_gui
open_project C:/Users/logos/project_1/project_1.xpr
Scanning sources...
Finished scanning sources
INFO: [IP_Flow 19-234] Refreshing IP repositories
INFO: [IP_Flow 19-1704] No user IP repositories specified
INFO: [IP_Flow 19-2313] Loaded Vivado IP repository 'C:/Xilinx/Vivado/2018.3/data/ip'.
open_project: Time (s): cpu = 00:02:03 ; elapsed = 00:01:30 . Memory (MB): peak = 976.586 ; gain = 336.531
exit
INFO: [Common 17-206] Exiting Vivado at Tue Jan 15 13:42:21 2019...
